@0 P(3224, 6)
@1 P(5247, 16)
@2 P(6376, 5)
@3 P(8363, 14)
@4 P(5532, 0)
@5 P(3947, 10)
@6 P(9641, 2)
@7 P(2782, 7)
@8 P(5278, 4)
@9 P(5918, 3)
@10 P(2173, 19)
@11 P(6513, 19)
@12 P(3755, 19)
@13 P(2369, 15)
@14 P(6789, 7)
@15 P(994, 18)
@16 P(1350, 0)
@17 P(7873, 1)
@18 P(8688, 16)
@19 P(9191, 12)
@20 P(7591, 8)
@21 P(4683, 19)
@22 P(1182, 10)
@23 P(8392, 1)
@24 P(5853, 19)
@25 P(4661, 4)
@26 P(833, 16)
@27 P(7084, 4)
@28 P(2068, 3)
@29 P(735, 8)
@30 P(7849, 11)
@31 P(8487, 9)
@32 P(3465, 4)
@33 P(6266, 11)
@34 P(6615, 4)
@35 P(4014, 8)
@36 P(6363, 3)
@37 P(706, 4)
@38 P(1904, 8)
@39 P(642, 7)
@40 P(2211, 19)
@41 P(121, 10)
@42 P(1997, 18)
@43 P(7408, 4)
@44 P(4890, 15)
@45 P(7745, 12)
@46 P(2838, 8)
@47 P(3456, 18)
@48 P(9895, 14)
@49 P(2355, 3)
@50 P(6740, 10)
@51 P(9600, 3)
@52 P(8846, 1)
@53 P(19, 16)
@54 P(3282, 11)
@55 P(2105, 5)
@56 P(8526, 6)
@57 P(4973, 14)
@58 P(8121, 1)
@59 P(6619, 13)
@60 P(3040, 15)
@61 P(45, 7)
@62 P(6883, 0)
@63 P(7003, 9)
@64 P(4423, 11)
@65 P(1639, 11)
@66 P(3834, 7)
@67 P(6892, 11)
@68 P(184, 4)
@69 P(6935, 6)
@70 P(8365, 3)
@71 P(7041, 6)
@72 P(759, 7)
@73 P(1973, 0)
@74 P(4081, 16)
@75 P(4464, 13)
@76 P(9632, 5)
@77 P(2289, 10)
@78 P(7382, 10)
@79 P(4211, 10)
@80 P(3101, 17)
@81 P(2813, 2)
@82 P(2368, 9)
@83 P(4964, 0)
@84 P(3623, 17)
@85 P(9779, 9)
@86 P(8033, 15)
@87 P(4621, 8)
@88 P(2050, 4)
@89 P(2830, 7)
@90 P(9768, 12)
@91 P(7575, 5)
@92 P(8587, 1)
@93 P(2040, 16)
@94 P(657, 11)
@95 P(9738, 6)
@96 P(6307, 13)
@97 P(6183, 15)
@98 P(2065, 2)
@99 P(3850, 12)
@100 P(8867, 14)
@101 P(173, 4)
@102 P(7747, 18)
@103 P(678, 3)
@104 P(5026, 8)
@105 P(2011, 10)
@106 P(631, 14)
@107 P(3022, 6)
@108 P(315, 16)
@109 P(798, 9)
@110 P(5080, 11)
@111 P(4070, 5)
@112 P(7973, 19)
@113 P(5589, 1)
@114 P(6151, 3)
@115 P(1545, 18)
@116 P(7603, 11)
@117 P(2300, 6)
@118 P(9472, 17)
@119 P(8376, 2)
@120 P(6762, 12)
@121 P(363, 9)
@122 P(2124, 18)
@123 P(5117, 14)
@124 P(8163, 18)
@125 P(8283, 16)
@126 P(6437, 17)
@127 P(5983, 3)
@128 P(4977, 11)
@129 P(5571, 8)
@130 P(3532, 9)
@131 P(4004, 7)
@132 P(982, 13)
@133 P(3195, 1)
@134 P(9577, 10)
@135 P(2674, 2)
@136 P(5797, 12)
@137 P(2055, 18)
@138 P(6989, 10)
@139 P(8306, 18)
@140 P(1374, 4)
@141 P(6268, 17)
@142 P(9241, 17)
@143 P(416, 4)
@144 P(2957, 14)
@145 P(9598, 9)
@146 P(3753, 5)
@147 P(8377, 17)
@148 P(2051, 17)
@149 P(1548, 2)
@150 P(4021, 12)
@151 P(5937, 17)
@152 P(7173, 18)
@153 P(9819, 18)
@154 P(4405, 19)
@155 P(1201, 14)
@156 P(2966, 0)
@157 P(4202, 10)
@158 P(8256, 13)
@159 P(4001, 3)
@160 P(3438, 19)
@161 P(1047, 0)
@162 P(1667, 8)
@163 P(7864, 1)
@164 P(6178, 12)
@165 P(6703, 10)
@166 P(9204, 3)
@167 P(5878, 3)
@168 P(1328, 2)
@169 P(2210, 8)
@170 P(4756, 2)
@171 P(9545, 19)
@172 P(9495, 0)
@173 P(3033, 4)
@174 P(1110, 7)
@175 P(1047, 12)
@176 P(2075, 11)
@177 P(8146, 9)
@178 P(812, 7)
@179 P(664, 12)
@180 P(5974, 17)
@181 P(2863, 1)
@182 P(7996, 14)
@183 P(8093, 3)
@184 P(3337, 17)
@185 P(1035, 8)
@186 P(6419, 17)
@187 P(587, 16)
@188 P(1253, 4)
@189 P(5287, 6)
@190 P(9450, 13)
@191 P(7597, 3)
@192 P(3279, 16)
@193 P(6634, 6)
@194 P(9677, 18)
@195 P(2617, 9)
@196 P(1571, 7)
@197 P(2417, 17)
@198 P(1715, 1)
@199 P(7506, 12)
@200 P(1176, 5)
@201 P(9874, 2)
@202 P(4889, 12)
@203 P(6791, 4)
@204 P(4050, 12)
@205 P(7255, 4)
@206 P(382, 16)
@207 P(767, 5)
@208 P(8549, 8)
@209 P(3207, 8)
@210 P(9911, 15)
@211 P(7052, 9)
@212 P(7374, 8)
@213 P(1819, 14)
@214 P(530, 9)
@215 P(9349, 4)
@216 P(3021, 16)
@217 P(8266, 1)
@218 P(276, 14)
@219 P(8217, 2)
@220 P(9645, 18)
@221 P(7374, 9)
@222 P(3039, 13)
@223 P(3651, 12)
@224 P(6779, 7)
@225 P(1943, 6)
@226 P(8951, 15)
@227 P(2983, 12)
@228 P(4540, 0)
@229 P(2451, 1)
@230 P(1424, 6)
@231 P(7447, 4)
@232 P(2018, 5)
@233 P(9248, 4)
@234 P(3404, 2)
@235 P(858, 2)
@236 P(9727, 19)
@237 P(628, 0)
@238 P(6477, 2)
@239 P(9589, 1)
@240 P(5084, 17)
@241 P(3884, 2)
@242 P(5172, 8)
@243 P(1325, 14)
@244 P(7283, 12)
@245 P(5053, 15)
@246 P(8892, 7)
@247 P(3679, 5)
@248 P(6408, 13)
@249 P(1434, 10)
@250 P(7818, 16)
@251 P(8957, 12)
@252 P(6248, 13)
@253 P(6476, 6)
@254 P(7860, 1)
@255 P(2930, 14)
@256 P(1920, 4)
@257 P(8093, 3)
@258 P(7414, 10)
@259 P(7824, 11)
@260 P(8972, 0)
@261 P(6457, 14)
@262 P(4340, 12)
@263 P(2607, 10)
@264 P(6935, 15)
@265 P(826, 11)
@266 P(6763, 15)
@267 P(9190, 11)
@268 P(5426, 16)
@269 P(6500, 2)
@270 P(2643, 4)
@271 P(1615, 8)
@272 P(8346, 11)
@273 P(2229, 17)
@274 P(6847, 9)
@275 P(5130, 19)
@276 P(4013, 14)
@277 P(2221, 18)
@278 P(7790, 1)
@279 P(5971, 14)
@280 P(476, 4)
@281 P(5954, 12)
@282 P(3333, 7)
@283 P(5367, 13)
@284 P(9004, 5)
@285 P(6486, 11)
@286 P(4090, 14)
@287 P(7040, 17)
@288 P(6120, 19)
@289 P(6166, 7)
@290 P(4445, 1)
@291 P(2883, 5)
@292 P(7358, 19)
@293 P(1414, 4)
@294 P(5771, 3)
@295 P(8609, 4)
@296 P(2861, 0)
@297 P(4407, 2)
@298 P(1594, 3)
@299 P(3746, 2)
@300 P(4877, 1)
@301 P(9376, 1)
@302 P(3578, 12)
@303 P(4160, 18)
@304 P(5373, 6)
@305 P(3224, 15)
@306 P(5074, 5)
@307 P(4001, 5)
@308 P(2104, 8)
@309 P(532, 2)
@310 P(3226, 17)
@311 P(4864, 5)
@312 P(4128, 1)
@313 P(4204, 9)
@314 P(4942, 2)
@315 P(8582, 7)
@316 P(9224, 8)
@317 P(6609, 10)
@318 P(6653, 16)
@319 P(3848, 11)
@320 P(2586, 11)
@321 P(782, 1)
@322 P(6746, 17)
@323 P(870, 0)
@324 P(5436, 16)
@325 P(562, 13)
@326 P(7891, 17)
@327 P(3657, 3)
@328 P(8578, 6)
@329 P(5531, 2)
@330 P(3154, 16)
@331 P(8851, 14)
@332 P(7943, 19)
@333 P(5901, 5)
@334 P(7900, 6)
@335 P(8381, 11)
@336 P(9093, 1)
@337 P(7038, 4)
@338 P(4730, 5)
@339 P(6969, 6)
@340 P(6628, 7)
@341 P(7456, 9)
@342 P(3938, 5)
@343 P(8910, 4)
@344 P(8066, 10)
@345 P(5982, 14)
@346 P(7436, 14)
@347 P(887, 19)
@348 P(9135, 18)
@349 P(6214, 17)
@350 P(8341, 11)
@351 P(541, 9)
@352 P(7120, 4)
@353 P(5210, 6)
@354 P(7207, 8)
@355 P(7369, 3)
@356 P(9451, 16)
@357 P(1502, 11)
@358 P(6698, 5)
@359 P(8826, 15)
@360 P(1693, 15)
@361 P(8963, 15)
@362 P(6215, 10)
@363 P(5705, 16)
@364 P(3242, 16)
@365 P(4004, 18)
@366 P(7653, 18)
@367 P(4778, 5)
@368 P(8255, 1)
@369 P(6715, 1)
@370 P(4076, 10)
@371 P(5889, 18)
@372 P(9591, 14)
@373 P(9218, 18)
@374 P(6677, 16)
@375 P(4149, 17)
@376 P(988, 1)
@377 P(3834, 13)
@378 P(7326, 2)
@379 P(2959, 19)
@380 P(2216, 13)
@381 P(8192, 4)
@382 P(618, 17)
@383 P(9299, 14)
@384 P(7008, 15)
@385 P(5129, 15)
@386 P(5882, 1)
@387 P(8184, 12)
@388 P(3950, 18)
@389 P(9552, 12)
@390 P(9174, 19)
@391 P(2397, 1)
@392 P(609, 2)
@393 P(1822, 1)
@394 P(4034, 1)
@395 P(7160, 10)
@396 P(2678, 10)
@397 P(8881, 13)
@398 P(8454, 8)
@399 P(838, 11)
@400 P(1332, 3)
@401 P(4555, 16)
@402 P(1828, 12)
@403 P(3839, 3)
@404 P(1326, 14)
@405 P(3840, 5)
@406 P(9040, 18)
@407 P(9733, 11)
@408 P(9895, 5)
@409 P(9322, 1)
@410 P(3382, 4)
@411 P(1866, 5)
@412 P(1432, 12)
@413 P(2188, 11)
@414 P(594, 19)
@415 P(4325, 1)
@416 P(6568, 10)
@417 P(5580, 2)
@418 P(8385, 11)
@419 P(2290, 14)
@420 P(7057, 16)
@421 P(8287, 15)
@422 P(3375, 1)
@423 P(5542, 15)
@424 P(2705, 11)
@425 P(3744, 0)
@426 P(3717, 2)
@427 P(3546, 2)
@428 P(5140, 8)
@429 P(765, 11)
@430 P(9862, 8)
@431 P(7861, 4)
@432 P(4602, 13)
@433 P(5713, 2)
@434 P(9121, 5)
@435 P(1845, 9)
@436 P(7922, 0)
@437 P(7183, 16)
@438 P(5370, 19)
@439 P(2889, 4)
@440 P(3365, 19)
@441 P(8663, 12)
@442 P(1606, 0)
@443 P(5289, 4)
@444 P(4346, 11)
@445 P(916, 5)
@446 P(7747, 15)
@447 P(8983, 3)
@448 P(2866, 11)
@449 P(9233, 16)
@450 P(4103, 12)
@451 P(2349, 6)
@452 P(1057, 8)
@453 P(1544, 19)
@454 P(5754, 12)
@455 P(5192, 0)
@456 P(2421, 7)
@457 P(7766, 11)
@458 P(3272, 3)
@459 P(7431, 9)
@460 P(4679, 12)
@461 P(8027, 18)
@462 P(6424, 2)
@463 P(4129, 3)
@464 P(7058, 18)
@465 P(9973, 9)
@466 P(662, 5)
@467 P(6349, 5)
@468 P(766, 3)
@469 P(1858, 8)
@470 P(5925, 11)
@471 P(2079, 10)
@472 P(9455, 12)
@473 P(5350, 14)
@474 P(334, 3)
@475 P(665, 10)
@476 P(7694, 3)
@477 P(3441, 1)
@478 P(4449, 6)
@479 P(4004, 9)
@480 P(7647, 8)
@481 P(849, 14)
@482 P(3808, 1)
@483 P(3569, 2)
@484 P(3371, 0)
@485 P(7439, 9)
@486 P(6713, 7)
@487 P(2978, 10)
@488 P(4442, 9)
@489 P(1580, 7)
@490 P(3817, 2)
@491 P(1985, 10)
@492 P(410, 18)
@493 P(9923, 0)
@494 P(8442, 0)
@495 P(9311, 19)
@496 P(9578, 8)
@497 P(6697, 17)
@498 P(8509, 3)
@499 P(7916, 5)
@500 P(5235, 1)
@501 P(4190, 19)
@502 P(871, 18)
@503 P(6045, 13)
@504 P(8134, 17)
@505 P(4093, 14)
@506 P(6868, 8)
@507 P(4865, 0)
@508 P(8926, 9)
@509 P(8817, 0)
@510 P(6889, 3)
@511 P(5917, 12)
@512 P(3931, 16)
@513 P(5733, 14)
@514 P(1415, 18)
@515 P(7784, 5)
@516 P(2860, 0)
@517 P(3204, 13)
@518 P(8932, 8)
@519 P(8907, 3)
@520 P(5997, 4)
@521 P(726, 3)
@522 P(9218, 1)
@523 P(4744, 1)
@524 P(4352, 19)
@525 P(6350, 19)
@526 P(4485, 7)
@527 P(1452, 2)
@528 P(741, 18)
@529 P(7076, 3)
@530 P(2623, 18)
@531 P(108, 11)
@532 P(2565, 15)
@533 P(4143, 16)
@534 P(709, 10)
@535 P(8192, 3)
@536 P(4389, 12)
@537 P(6160, 15)
@538 P(8115, 12)
@539 P(4482, 15)
@540 P(1703, 15)
@541 P(7279, 12)
@542 P(5414, 13)
@543 P(8297, 6)
@544 P(5114, 3)
@545 P(7519, 2)
@546 P(306, 5)
@547 P(2919, 3)
@548 P(4521, 14)
@549 P(9400, 13)
@550 P(2348, 9)
@551 P(1018, 6)
@552 P(9574, 19)
@553 P(8949, 5)
@554 P(3797, 12)
@555 P(5862, 18)
@556 P(703, 14)
@557 P(2742, 13)
@558 P(7471, 18)
@559 P(9240, 17)
@560 P(9931, 15)
@561 P(3752, 12)
@562 P(8731, 1)
@563 P(2028, 2)
@564 P(3690, 15)
@565 P(2037, 5)
@566 P(6163, 17)
@567 P(5969, 17)
@568 P(137, 1)
@569 P(16, 14)
@570 P(5133, 9)
@571 P(2767, 0)
@572 P(2554, 12)
@573 P(4465, 13)
@574 P(9785, 4)
@575 P(5201, 0)
@576 P(3649, 9)
@577 P(352, 18)
@578 P(7487, 5)
@579 P(4513, 10)
@580 P(7598, 19)
@581 P(8798, 5)
@582 P(2285, 6)
@583 P(6300, 14)
@584 P(3077, 4)
@585 P(9809, 11)
@586 P(364, 0)
@587 P(5644, 10)
@588 P(9519, 6)
@589 P(5664, 14)
@590 P(3528, 7)
@591 P(5958, 19)
@592 P(3426, 4)
@593 P(1181, 6)
@594 P(4919, 11)
@595 P(4793, 14)
@596 P(1900, 4)
@597 P(6326, 2)
@598 P(8397, 9)
@599 P(8770, 6)
@600 P(8118, 18)
@601 P(1085, 2)
@602 P(2984, 12)
@603 P(7282, 10)
@604 P(8454, 5)
@605 P(7111, 1)
@606 P(1548, 2)
@607 P(8329, 13)
@608 P(4382, 1)
@609 P(8762, 3)
@610 P(6436, 8)
@611 P(1066, 1)
@612 P(6288, 12)
@613 P(7398, 10)
@614 P(1076, 7)
@615 P(9049, 17)
@616 P(6033, 2)
@617 P(4872, 19)
@618 P(1561, 19)
@619 P(7269, 14)
@620 P(197, 12)
@621 P(4132, 7)
@622 P(4094, 3)
@623 P(5881, 2)
@624 P(4465, 5)
@625 P(8169, 14)
@626 P(3445, 12)
@627 P(5455, 8)
@628 P(1323, 14)
@629 P(6623, 3)
@630 P(9869, 4)
@631 P(6932, 3)
@632 P(5323, 14)
@633 P(6645, 17)
@634 P(5968, 13)
@635 P(5644, 6)
@636 P(565, 11)
@637 P(9246, 7)
@638 P(292, 7)
@639 P(9769, 4)
@640 P(2615, 3)
@641 P(3433, 8)
@642 P(1824, 11)
@643 P(5357, 12)
@644 P(4052, 17)
@645 P(4977, 17)
@646 P(9995, 12)
@647 P(2194, 15)
@648 P(8931, 4)
@649 P(6013, 12)
@650 P(3514, 4)
@651 P(5837, 1)
@652 P(4120, 12)
@653 P(2264, 13)
@654 P(1954, 16)
@655 P(5230, 12)
@656 P(1957, 5)
@657 P(9987, 10)
@658 P(596, 3)
@659 P(6263, 7)
@660 P(3021, 4)
@661 P(6429, 15)
@662 P(2783, 3)
@663 P(6279, 4)
@664 P(4476, 9)
@665 P(930, 1)
@666 P(5086, 15)
@667 P(2802, 3)
@668 P(883, 7)
@669 P(1711, 2)
@670 P(5840, 6)
@671 P(9896, 3)
@672 P(3619, 15)
@673 P(359, 19)
@674 P(1352, 10)
@675 P(8565, 9)
@676 P(535, 5)
@677 P(9123, 1)
@678 P(1853, 7)
@679 P(3383, 6)
@680 P(3603, 9)
@681 P(678, 18)
@682 P(9000, 2)
@683 P(7734, 9)
@684 P(3491, 14)
@685 P(7963, 13)
@686 P(3014, 7)
@687 P(6129, 5)
@688 P(7099, 19)
@689 P(8054, 8)
@690 P(682, 12)
@691 P(4691, 2)
@692 P(5265, 1)
@693 P(8552, 2)
@694 P(2702, 11)
@695 P(344, 4)
@696 P(8024, 3)
@697 P(8161, 14)
@698 P(2459, 4)
@699 P(6116, 7)
@700 P(8211, 17)
@701 P(1271, 15)
@702 P(4831, 11)
@703 P(561, 18)
@704 P(6808, 13)
@705 P(646, 3)
@706 P(6260, 9)
@707 P(3170, 6)
@708 P(2348, 1)
@709 P(4028, 15)
@710 P(252, 13)
@711 P(699, 4)
@712 P(3903, 10)
@713 P(3438, 8)
@714 P(6621, 8)
@715 P(3813, 5)
@716 P(239, 4)
@717 P(6765, 11)
@718 P(5247, 15)
@719 P(6794, 16)
@720 P(2257, 18)
@721 P(3683, 5)
@722 P(7017, 19)
@723 P(8090, 10)
@724 P(1386, 17)
@725 P(3599, 13)
@726 P(5184, 10)
@727 P(8527, 6)
@728 P(1733, 10)
@729 P(4427, 17)
@730 P(5830, 3)
@731 P(6203, 2)
@732 P(830, 7)
@733 P(1671, 19)
@734 P(325, 8)
@735 P(5766, 1)
@736 P(5454, 13)
@737 P(7630, 0)
@738 P(5883, 8)
@739 P(9062, 17)
@740 P(5118, 15)
@741 P(6090, 9)
@742 P(7650, 2)
@743 P(6360, 7)
@744 P(4898, 10)
@745 P(7508, 18)
@746 P(85, 13)
@747 P(2926, 10)
@748 P(4788, 4)
@749 P(265, 15)
@750 P(4111, 1)
@751 P(542, 5)
@752 P(9095, 19)
@753 P(9877, 18)
@754 P(2291, 7)
@755 P(7494, 11)
@756 P(5678, 16)
@757 P(318, 2)
@758 P(6596, 19)
@759 P(727, 8)
@760 P(7253, 19)
@761 P(6062, 5)
@762 P(3249, 10)
@763 P(394, 12)
@764 P(7475, 12)
@765 P(2461, 7)
@766 P(4832, 8)
@767 P(8, 19)
@768 P(8017, 17)
@769 P(1722, 5)
@770 P(4808, 17)
@771 P(5438, 13)
@772 P(466, 12)
@773 P(5047, 6)
@774 P(4514, 17)
@775 P(877, 19)
@776 P(207, 2)
@777 P(7325, 0)
@778 P(8860, 15)
@779 P(3266, 15)
@780 P(1167, 17)
@781 P(526, 17)
@782 P(4596, 4)
@783 P(8511, 10)
@784 P(2856, 4)
@785 P(4374, 0)
@786 P(6492, 13)
@787 P(2617, 5)
@788 P(4634, 17)
@789 P(5827, 8)
@790 P(565, 12)
@791 P(6116, 7)
@792 P(3345, 16)
@793 P(5240, 14)
@794 P(8086, 2)
@795 P(6028, 18)
@796 P(3148, 14)
@797 P(5397, 18)
@798 P(2120, 18)
@799 P(2213, 16)
@800 P(253, 3)
@801 P(4684, 14)
@802 P(836, 15)
@803 P(9387, 14)
@804 P(1722, 4)
@805 P(6283, 14)
@806 P(159, 19)
@807 P(2966, 18)
@808 P(7714, 17)
@809 P(2569, 18)
@810 P(6912, 0)
@811 P(550, 5)
@812 P(2405, 2)
@813 P(9635, 18)
@814 P(3880, 0)
@815 P(321, 6)
@816 P(2439, 2)
@817 P(4404, 9)
@818 P(1994, 7)
@819 P(84, 17)
@820 P(1256, 1)
@821 P(5374, 0)
@822 P(5781, 16)
@823 P(4508, 12)
@824 P(5353, 19)
@825 P(8500, 1)
@826 P(78, 4)
@827 P(351, 6)
@828 P(1626, 8)
@829 P(6235, 19)
@830 P(2487, 15)
@831 P(6305, 16)
@832 P(6870, 19)
@833 P(3651, 2)
@834 P(4240, 4)
@835 P(5061, 17)
@836 P(370, 11)
@837 P(4215, 3)
@838 P(3033, 10)
@839 P(7907, 10)
@840 P(2903, 7)
@841 P(5795, 19)
@842 P(5372, 11)
@843 P(6250, 0)
@844 P(8237, 16)
@845 P(2579, 5)
@846 P(2506, 17)
@847 P(7888, 8)
@848 P(7447, 10)
@849 P(576, 13)
@850 P(9338, 8)
@851 P(4004, 19)
@852 P(8791, 10)
@853 P(321, 6)
@854 P(9278, 7)
@855 P(340, 9)
@856 P(9844, 16)
@857 P(3580, 3)
@858 P(8629, 1)
@859 P(4438, 10)
@860 P(173, 0)
@861 P(1098, 11)
@862 P(9499, 1)
@863 P(4601, 2)
@864 P(3043, 2)
@865 P(4685, 17)
@866 P(5933, 16)
@867 P(8955, 18)
@868 P(5804, 9)
@869 P(7301, 7)
@870 P(6355, 16)
@871 P(7092, 0)
@872 P(6597, 0)
@873 P(7798, 11)
@874 P(4048, 3)
@875 P(4650, 13)
@876 P(949, 12)
@877 P(5103, 13)
@878 P(7658, 3)
@879 P(4735, 8)
@880 P(2024, 2)
@881 P(7821, 19)
@882 P(1230, 2)
@883 P(2485, 3)
@884 P(5631, 0)
@885 P(3171, 15)
@886 P(422, 14)
@887 P(3086, 14)
@888 P(9251, 17)
@889 P(3860, 18)
@890 P(5760, 3)
@891 P(6173, 10)
@892 P(8660, 12)
@893 P(6480, 16)
@894 P(7913, 11)
@895 P(8885, 18)
@896 P(4902, 6)
@897 P(3703, 9)
@898 P(526, 8)
@899 P(3024, 16)
@900 P(201, 6)
@901 P(3561, 19)
@902 P(945, 17)
@903 P(5216, 0)
@904 P(6947, 13)
@905 P(5758, 4)
@906 P(7126, 16)
@907 P(6419, 7)
@908 P(5496, 3)
@909 P(1010, 12)
@910 P(4862, 12)
@911 P(704, 4)
@912 P(6967, 13)
@913 P(1474, 1)
@914 P(9919, 4)
@915 P(1835, 14)
@916 P(1279, 11)
@917 P(1064, 16)
@918 P(8804, 14)
@919 P(3281, 3)
@920 P(5737, 18)
@921 P(7268, 0)
@922 P(6913, 10)
@923 P(2162, 4)
@924 P(7476, 11)
@925 P(5301, 17)
@926 P(3971, 7)
@927 P(9641, 6)
@928 P(6705, 7)
@929 P(5138, 11)
@930 P(2230, 14)
@931 P(7448, 12)
@932 P(6950, 5)
@933 P(886, 17)
@934 P(3520, 4)
@935 P(5213, 5)
@936 P(4591, 9)
@937 P(9675, 0)
@938 P(842, 5)
@939 P(7246, 17)
@940 P(9587, 12)
@941 P(5364, 1)
@942 P(2502, 10)
@943 P(967, 7)
@944 P(7607, 5)
@945 P(7441, 11)
@946 P(5276, 0)
@947 P(6168, 17)
@948 P(5793, 5)
@949 P(224, 8)
@950 P(1642, 13)
@951 P(430, 8)
@952 P(3465, 8)
@953 P(2075, 3)
@954 P(7751, 17)
@955 P(7034, 10)
@956 P(3473, 3)
@957 P(480, 3)
@958 P(9850, 1)
@959 P(7957, 8)
@960 P(9403, 13)
@961 P(5995, 11)
@962 P(11, 15)
@963 P(2400, 15)
@964 P(7424, 14)
@965 P(4624, 1)
@966 P(6277, 5)
@967 P(7224, 19)
@968 P(6799, 1)
@969 P(9344, 2)
@970 P(1433, 10)
@971 P(9634, 0)
@972 P(3686, 5)
@973 P(2527, 9)
@974 P(957, 3)
@975 P(9675, 9)
@976 P(3650, 0)
@977 P(7981, 2)
@978 P(9047, 11)
@979 P(9984, 4)
@980 P(2895, 12)
@981 P(1771, 10)
@982 P(1765, 6)
@983 P(9237, 14)
@984 P(4955, 14)
@985 P(9851, 15)
@986 P(1065, 8)
@987 P(7704, 10)
@988 P(5290, 11)
@989 P(7569, 8)
@990 P(9630, 4)
@991 P(6333, 12)
@992 P(6896, 16)
@993 P(2307, 15)
@994 P(7649, 15)
@995 P(3303, 10)
@996 P(4909, 15)
@997 P(4218, 12)
@998 P(7959, 18)
@999 P(6748, 6)
@1000 P(8713, 0)
@1001 P(6894, 4)
@1002 P(7863, 1)
@1003 P(3988, 18)
@1004 P(3116, 13)
@1005 P(3903, 16)
@1006 P(7730, 3)
@1007 P(1164, 7)
@1008 P(429, 12)
@1009 P(4578, 9)
@1010 P(3914, 5)
@1011 P(9704, 19)
@1012 P(1498, 19)
@1013 P(1941, 9)
@1014 P(994, 3)
@1015 P(575, 2)
@1016 P(768, 19)
@1017 P(1585, 1)
@1018 P(9716, 13)
@1019 P(3277, 10)
@1020 P(3569, 8)
@1021 P(6150, 0)
@1022 P(1482, 16)
@1023 P(917, 0)
@1024 P(1505, 9)
@1025 P(122, 10)
@1026 P(6778, 17)
@1027 P(955, 0)
@1028 P(163, 1)
@1029 P(9044, 12)
@1030 P(3611, 6)
@1031 P(3566, 9)
@1032 P(1459, 17)
@1033 P(639, 8)
@1034 P(5316, 17)
@1035 P(2323, 15)
@1036 P(9149, 15)
@1037 P(5842, 19)
@1038 P(5779, 9)
@1039 P(6697, 16)
@1040 P(9135, 9)
@1041 P(2474, 19)
@1042 P(3393, 17)
@1043 P(2391, 12)
@1044 P(5709, 18)
@1045 P(9120, 18)
@1046 P(8885, 0)
@1047 P(5153, 6)
@1048 P(317, 13)
@1049 P(313, 4)
@1050 P(7441, 17)
@1051 P(4862, 0)
@1052 P(725, 12)
@1053 P(198, 18)
@1054 P(7864, 5)
@1055 P(4964, 17)
@1056 P(6096, 17)
@1057 P(6533, 9)
@1058 P(3631, 17)
@1059 P(4685, 7)
@1060 P(8261, 10)
@1061 P(7833, 14)
@1062 P(3846, 17)
@1063 P(5509, 19)
@1064 P(3330, 5)
@1065 P(5991, 14)
@1066 P(3713, 7)
@1067 P(9545, 13)
@1068 P(8752, 5)
@1069 P(110, 9)
@1070 P(8133, 14)
@1071 P(7032, 6)
@1072 P(3867, 0)
@1073 P(2521, 5)
@1074 P(2600, 8)
@1075 P(9431, 7)
@1076 P(7513, 15)
@1077 P(8674, 2)
@1078 P(5279, 7)
@1079 P(7466, 11)
@1080 P(7706, 12)
@1081 P(7117, 9)
@1082 P(6055, 9)
@1083 P(8827, 1)
@1084 P(7335, 0)
@1085 P(7124, 10)
@1086 P(802, 16)
@1087 P(8409, 10)
@1088 P(4486, 1)
@1089 P(2025, 7)
@1090 P(718, 2)
@1091 P(8904, 1)
@1092 P(2419, 14)
@1093 P(1915, 11)
@1094 P(563, 6)
@1095 P(4072, 14)
@1096 P(7739, 14)
@1097 P(3564, 18)
@1098 P(9285, 17)
@1099 P(4085, 9)
@1100 P(2739, 12)
@1101 P(9768, 15)
@1102 P(3008, 1)
@1103 P(1324, 3)
@1104 P(9786, 5)
@1105 P(7438, 8)
@1106 P(9661, 15)
@1107 P(4126, 11)
@1108 P(89, 7)
@1109 P(8777, 12)
@1110 P(6148, 18)
@1111 P(9919, 18)
@1112 P(495, 18)
@1113 P(3212, 4)
@1114 P(1909, 2)
@1115 P(21, 4)
@1116 P(7439, 8)
@1117 P(7412, 1)
@1118 P(1131, 7)
@1119 P(7019, 3)
@1120 P(5539, 11)
@1121 P(1243, 0)
@1122 P(9891, 4)
@1123 P(1396, 17)
@1124 P(3004, 5)
@1125 P(8242, 10)
@1126 P(164, 18)
@1127 P(2801, 19)
@1128 P(6270, 14)
@1129 P(1285, 3)
@1130 P(5931, 6)
@1131 P(6446, 15)
@1132 P(9090, 7)
@1133 P(227, 0)
@1134 P(7839, 0)
@1135 P(9638, 0)
@1136 P(4905, 6)
@1137 P(7200, 9)
@1138 P(8517, 0)
@1139 P(4892, 7)
@1140 P(115, 10)
@1141 P(4447, 6)
@1142 P(8276, 8)
@1143 P(7464, 16)
@1144 P(9472, 18)
@1145 P(2805, 8)
@1146 P(956, 5)
@1147 P(4722, 14)
@1148 P(8690, 2)
@1149 P(3288, 8)
@1150 P(6691, 1)
@1151 P(1743, 17)
@1152 P(7647, 15)
@1153 P(6797, 19)
@1154 P(8825, 4)
@1155 P(5691, 3)
@1156 P(9845, 4)
@1157 P(6416, 12)
@1158 P(5595, 18)
@1159 P(7346, 0)
@1160 P(6182, 16)
@1161 P(6118, 13)
@1162 P(2826, 13)
@1163 P(9339, 16)
@1164 P(8084, 12)
@1165 P(3768, 16)
@1166 P(4014, 4)
@1167 P(759, 13)
@1168 P(1247, 11)
@1169 P(5955, 6)
@1170 P(6139, 11)
@1171 P(3539, 10)
@1172 P(1937, 10)
@1173 P(6409, 18)
@1174 P(6638, 11)
@1175 P(9716, 13)
@1176 P(7493, 15)
@1177 P(1907, 2)
@1178 P(9144, 1)
@1179 P(7608, 8)
@1180 P(3457, 0)
@1181 P(5399, 8)
@1182 P(1244, 19)
@1183 P(9064, 15)
@1184 P(3236, 8)
@1185 P(7787, 6)
@1186 P(6743, 18)
@1187 P(4538, 11)
@1188 P(4454, 6)
@1189 P(2738, 11)
@1190 P(382, 17)
@1191 P(2756, 11)
@1192 P(3514, 16)
@1193 P(8430, 15)
@1194 P(683, 5)
@1195 P(9377, 3)
@1196 P(9792, 5)
@1197 P(9663, 9)
@1198 P(6708, 16)
@1199 P(8165, 5)
@1200 P(9511, 12)
@1201 P(7940, 15)
@1202 P(102, 9)
@1203 P(5105, 3)
@1204 P(7515, 16)
@1205 P(4586, 14)
@1206 P(7447, 15)
@1207 P(519, 3)
@1208 P(3375, 12)
@1209 P(5736, 19)
@1210 P(4597, 18)
@1211 P(1939, 19)
@1212 P(5463, 18)
@1213 P(6325, 17)
@1214 P(3201, 3)
@1215 P(7653, 6)
@1216 P(7410, 13)
@1217 P(176, 4)
@1218 P(1633, 3)
@1219 P(3564, 5)
@1220 P(8955, 10)
@1221 P(7051, 12)
@1222 P(7997, 1)
@1223 P(6865, 4)
@1224 P(6047, 7)
@1225 P(1130, 8)
@1226 P(2492, 18)
@1227 P(3805, 10)
@1228 P(517, 7)
@1229 P(7865, 6)
@1230 P(8265, 7)
@1231 P(5518, 17)
@1232 P(7367, 17)
@1233 P(7527, 3)
@1234 P(9676, 17)
@1235 P(4240, 3)
@1236 P(3979, 5)
@1237 P(5032, 11)
@1238 P(5638, 14)
@1239 P(7339, 4)
@1240 P(9112, 4)
@1241 P(875, 1)
@1242 P(5575, 3)
@1243 P(2244, 12)
@1244 P(1014, 3)
@1245 P(5948, 13)
@1246 P(1612, 15)
@1247 P(3869, 17)
@1248 P(5548, 5)
@1249 P(5792, 14)
@1250 P(5043, 17)
@1251 P(6055, 11)
@1252 P(7507, 2)
@1253 P(4127, 11)
@1254 P(7171, 14)
@1255 P(2710, 15)
@1256 P(3763, 17)
@1257 P(6756, 11)
@1258 P(4955, 4)
@1259 P(5564, 6)
@1260 P(8158, 18)
@1261 P(633, 4)
@1262 P(9216, 1)
@1263 P(8778, 3)
@1264 P(6283, 1)
@1265 P(9579, 1)
@1266 P(7391, 13)
@1267 P(4144, 9)
@1268 P(4327, 15)
@1269 P(8377, 17)
@1270 P(2038, 10)
@1271 P(7716, 15)
@1272 P(6960, 2)
@1273 P(6451, 16)
@1274 P(1776, 12)
@1275 P(5693, 19)
@1276 P(8302, 19)
@1277 P(2117, 17)
@1278 P(5694, 16)
@1279 P(2269, 13)
@1280 P(9504, 8)
@1281 P(2423, 8)
@1282 P(437, 9)
@1283 P(4140, 5)
@1284 P(6761, 14)
@1285 P(5143, 4)
@1286 P(1270, 0)
@1287 P(8929, 10)
@1288 P(131, 2)
@1289 P(3862, 6)
@1290 P(6928, 0)
@1291 P(153, 16)
@1292 P(2742, 0)
@1293 P(3888, 9)
@1294 P(4072, 7)
@1295 P(103, 4)
@1296 P(4991, 10)
@1297 P(6031, 2)
@1298 P(224, 14)
@1299 P(6375, 6)
@1300 P(6435, 2)
@1301 P(4539, 15)
@1302 P(1021, 1)
@1303 P(2810, 15)
@1304 P(1577, 6)
@1305 P(8504, 0)
@1306 P(163, 11)
@1307 P(9255, 10)
@1308 P(5420, 4)
@1309 P(3099, 4)
@1310 P(9627, 10)
@1311 P(2843, 17)
@1312 P(7525, 13)
@1313 P(6103, 6)
@1314 P(569, 7)
@1315 P(8194, 15)
@1316 P(7154, 16)
@1317 P(223, 2)
@1318 P(8625, 8)
@1319 P(383, 17)
@1320 P(639, 6)
@1321 P(8285, 6)
@1322 P(3671, 8)
@1323 P(1784, 18)
@1324 P(7642, 7)
@1325 P(1567, 11)
@1326 P(7306, 1)
@1327 P(6930, 0)
@1328 P(7086, 6)
@1329 P(4337, 5)
@1330 P(4275, 4)
@1331 P(7374, 11)
@1332 P(3470, 5)
@1333 P(9003, 9)
@1334 P(3056, 9)
@1335 P(702, 0)
@1336 P(6985, 14)
@1337 P(3610, 4)
@1338 P(3167, 6)
@1339 P(7200, 8)
@1340 P(7406, 5)
@1341 P(5683, 11)
@1342 P(1849, 13)
@1343 P(2979, 15)
@1344 P(9856, 15)
@1345 P(7048, 9)
@1346 P(2218, 14)
@1347 P(9103, 14)
@1348 P(101, 5)
@1349 P(5909, 18)
@1350 P(613, 14)
@1351 P(1522, 0)
@1352 P(7818, 1)
@1353 P(2950, 16)
@1354 P(2288, 17)
@1355 P(8859, 11)
@1356 P(7848, 11)
@1357 P(8481, 17)
@1358 P(6530, 2)
@1359 P(8268, 15)
@1360 P(2774, 8)
@1361 P(3104, 18)
@1362 P(914, 19)
@1363 P(3788, 5)
@1364 P(4193, 8)
@1365 P(377, 15)
@1366 P(4591, 10)
@1367 P(4104, 6)
@1368 P(5036, 18)
@1369 P(1605, 2)
@1370 P(9800, 16)
@1371 P(3535, 15)
@1372 P(1030, 13)
@1373 P(4427, 8)
@1374 P(8817, 10)
@1375 P(8255, 0)
@1376 P(5477, 13)
@1377 P(6288, 19)
@1378 P(5753, 0)
@1379 P(6283, 13)
@1380 P(6255, 18)
@1381 P(4581, 7)
@1382 P(70, 7)
@1383 P(5519, 7)
@1384 P(4780, 18)
@1385 P(4318, 8)
@1386 P(4568, 12)
@1387 P(5942, 1)
@1388 P(2490, 1)
@1389 P(2448, 4)
@1390 P(1409, 7)
@1391 P(1534, 13)
@1392 P(9546, 12)
@1393 P(6341, 9)
@1394 P(5608, 19)
@1395 P(9009, 2)
@1396 P(7217, 12)
@1397 P(5392, 10)
@1398 P(271, 4)
@1399 P(5314, 7)
@1400 P(3404, 13)
@1401 P(7423, 17)
@1402 P(2738, 6)
@1403 P(6725, 3)
@1404 P(9235, 2)
@1405 P(4537, 7)
@1406 P(8630, 2)
@1407 P(1767, 5)
@1408 P(2352, 3)
@1409 P(9828, 8)
@1410 P(5682, 10)
@1411 P(6645, 13)
@1412 P(2322, 4)
@1413 P(5290, 8)
@1414 P(2912, 0)
@1415 P(6050, 7)
@1416 P(4067, 11)
@1417 P(4871, 18)
@1418 P(326, 14)
@1419 P(7687, 18)
@1420 P(490, 0)
@1421 P(1465, 13)
@1422 P(5297, 1)
@1423 P(9200, 18)
@1424 P(5676, 13)
@1425 P(262, 4)
@1426 P(5259, 4)
@1427 P(8140, 7)
@1428 P(9432, 16)
@1429 P(4404, 8)
@1430 P(445, 11)
@1431 P(4537, 0)
@1432 P(9123, 2)
@1433 P(4892, 9)
@1434 P(2160, 14)
@1435 P(9641, 17)
@1436 P(3325, 2)
@1437 P(7177, 0)
@1438 P(8389, 5)
@1439 P(3510, 17)
@1440 P(8621, 19)
@1441 P(2987, 18)
@1442 P(776, 11)
@1443 P(6375, 12)
@1444 P(7420, 17)
@1445 P(8670, 9)
@1446 P(5100, 5)
@1447 P(5209, 4)
@1448 P(7385, 19)
@1449 P(7208, 18)
@1450 P(5550, 3)
@1451 P(7224, 2)
@1452 P(2050, 11)
@1453 P(9180, 6)
@1454 P(4843, 10)
@1455 P(6882, 8)
@1456 P(7905, 6)
@1457 P(1988, 15)
@1458 P(4231, 11)
@1459 P(7024, 14)
@1460 P(1875, 19)
@1461 P(9086, 19)
@1462 P(41, 19)
@1463 P(5812, 5)
@1464 P(1517, 4)
@1465 P(6301, 6)
@1466 P(9887, 4)
@1467 P(3573, 10)
@1468 P(7746, 6)
@1469 P(6839, 11)
@1470 P(1644, 1)
@1471 P(8262, 1)
@1472 P(1657, 0)
@1473 P(150, 17)
@1474 P(4265, 5)
@1475 P(264, 4)
@1476 P(7869, 14)
@1477 P(5412, 0)
@1478 P(9009, 4)
@1479 P(5975, 11)
@1480 P(378, 16)
@1481 P(1178, 2)
@1482 P(5479, 8)
@1483 P(3620, 0)
@1484 P(1000, 14)
@1485 P(3114, 0)
@1486 P(5902, 9)
@1487 P(6523, 9)
@1488 P(2291, 13)
@1489 P(8592, 14)
@1490 P(7416, 17)
@1491 P(8532, 17)
@1492 P(8601, 15)
@1493 P(8172, 6)
@1494 P(1398, 7)
@1495 P(8763, 5)
@1496 P(9081, 6)
@1497 P(7451, 15)
@1498 P(2883, 1)
@1499 P(9623, 14)
@1500 P(7579, 17)
@1501 P(9178, 13)
@1502 P(5511, 7)
@1503 P(2014, 19)
@1504 P(1117, 13)
@1505 P(5478, 16)
@1506 P(507, 6)
@1507 P(5993, 2)
@1508 P(7577, 7)
@1509 P(9938, 7)
@1510 P(3497, 2)
@1511 P(8372, 5)
@1512 P(9695, 14)
@1513 P(8154, 19)
@1514 P(3314, 5)
@1515 P(1822, 1)
@1516 P(3095, 14)
@1517 P(5659, 5)
@1518 P(6834, 7)
@1519 P(6441, 14)
@1520 P(2596, 5)
@1521 P(3050, 10)
@1522 P(2007, 7)
@1523 P(1324, 7)
@1524 P(7571, 6)
@1525 P(1014, 11)
@1526 P(1526, 19)
@1527 P(9744, 4)
@1528 P(8972, 4)
@1529 P(3739, 7)
@1530 P(1179, 9)
@1531 P(7500, 6)
@1532 P(3631, 19)
@1533 P(7681, 9)
@1534 P(3221, 11)
@1535 P(6501, 17)
@1536 P(4110, 10)
@1537 P(2507, 19)
@1538 P(2798, 2)
@1539 P(2470, 16)
@1540 P(7415, 7)
@1541 P(8888, 11)
@1542 P(5363, 8)
@1543 P(2888, 19)
@1544 P(6366, 10)
@1545 P(7398, 7)
@1546 P(7134, 12)
@1547 P(1586, 10)
@1548 P(3560, 14)
@1549 P(8220, 9)
@1550 P(9047, 5)
@1551 P(1420, 14)
@1552 P(2440, 2)
@1553 P(5546, 6)
@1554 P(1400, 5)
@1555 P(3244, 14)
@1556 P(1116, 19)
@1557 P(9324, 17)
@1558 P(29, 11)
@1559 P(31, 2)
@1560 P(8617, 4)
@1561 P(9442, 14)
@1562 P(7907, 3)
@1563 P(7328, 4)
@1564 P(464, 12)
@1565 P(6008, 5)
@1566 P(8108, 5)
@1567 P(400, 14)
@1568 P(8149, 3)
@1569 P(3213, 7)
@1570 P(3470, 18)
@1571 P(3133, 11)
@1572 P(3453, 13)
@1573 P(8424, 3)
@1574 P(9399, 9)
@1575 P(5745, 14)
@1576 P(4666, 16)
@1577 P(8050, 10)
@1578 P(7031, 17)
@1579 P(2918, 11)
@1580 P(5278, 4)
@1581 P(4110, 7)
@1582 P(8874, 17)
@1583 P(1520, 19)
@1584 P(646, 2)
@1585 P(2441, 17)
@1586 P(9308, 7)
@1587 P(3471, 8)
@1588 P(3558, 14)
@1589 P(3994, 17)
@1590 P(7280, 2)
@1591 P(2460, 11)
@1592 P(4560, 19)
@1593 P(6892, 17)
@1594 P(1678, 18)
@1595 P(3661, 5)
@1596 P(3696, 16)
@1597 P(2800, 16)
@1598 P(8383, 13)
@1599 P(1702, 9)
@1600 P(4772, 14)
@1601 P(965, 10)
@1602 P(985, 0)
@1603 P(9974, 2)
@1604 P(7257, 2)
@1605 P(3733, 9)
@1606 P(5575, 1)
@1607 P(7399, 8)
@1608 P(5666, 5)
@1609 P(4587, 7)
@1610 P(3379, 11)
@1611 P(2142, 16)
@1612 P(9411, 3)
@1613 P(6594, 10)
@1614 P(5129, 2)
@1615 P(9350, 10)
@1616 P(4096, 16)
@1617 P(6832, 12)
@1618 P(7595, 15)
@1619 P(2241, 3)
@1620 P(1062, 7)
@1621 P(8852, 13)
@1622 P(241, 13)
@1623 P(5351, 15)
@1624 P(6080, 10)
@1625 P(8621, 6)
@1626 P(5348, 18)
@1627 P(4888, 4)
@1628 P(6769, 5)
@1629 P(1740, 6)
@1630 P(1245, 5)
@1631 P(8469, 9)
@1632 P(8776, 4)
@1633 P(6621, 1)
@1634 P(7602, 19)
@1635 P(1692, 10)
@1636 P(6409, 17)
@1637 P(7017, 11)
@1638 P(4621, 4)
@1639 P(8210, 16)
@1640 P(4314, 10)
@1641 P(1451, 9)
@1642 P(1919, 17)
@1643 P(630, 13)
@1644 P(5820, 1)
@1645 P(7972, 11)
@1646 P(4632, 18)
@1647 P(3247, 4)
@1648 P(1913, 4)
@1649 P(7149, 16)
@1650 P(2912, 7)
@1651 P(1263, 17)
@1652 P(7116, 18)
@1653 P(1209, 19)
@1654 P(6130, 11)
@1655 P(6289, 6)
@1656 P(4757, 7)
@1657 P(477, 6)
@1658 P(6813, 5)
@1659 P(6823, 1)
@1660 P(1575, 7)
@1661 P(6840, 3)
@1662 P(5394, 17)
@1663 P(9836, 0)
@1664 P(3884, 18)
@1665 P(1388, 0)
@1666 P(3014, 18)
@1667 P(1412, 6)
@1668 P(3681, 16)
@1669 P(4261, 13)
@1670 P(3122, 9)
@1671 P(2541, 4)
@1672 P(8420, 15)
@1673 P(9371, 14)
@1674 P(9347, 5)
@1675 P(5229, 17)
@1676 P(1315, 17)
@1677 P(3633, 14)
@1678 P(3591, 10)
@1679 P(9919, 5)
@1680 P(4672, 8)
@1681 P(3719, 3)
@1682 P(261, 9)
@1683 P(1368, 1)
@1684 P(5643, 0)
@1685 P(4986, 4)
@1686 P(6263, 15)
@1687 P(168, 6)
@1688 P(1477, 2)
@1689 P(4121, 17)
@1690 P(651, 4)
@1691 P(5830, 11)
@1692 P(6514, 11)
@1693 P(2477, 6)
@1694 P(193, 6)
@1695 P(746, 15)
@1696 P(8790, 7)
@1697 P(5175, 17)
@1698 P(1740, 17)
@1699 P(1440, 11)
@1700 P(9990, 13)
@1701 P(2147, 14)
@1702 P(1584, 13)
@1703 P(2437, 18)
@1704 P(4834, 13)
@1705 P(1547, 1)
@1706 P(6030, 3)
@1707 P(4153, 8)
@1708 P(6917, 0)
@1709 P(7118, 4)
@1710 P(5371, 19)
@1711 P(6886, 19)
@1712 P(7148, 8)
@1713 P(6346, 0)
@1714 P(4700, 11)
@1715 P(6966, 18)
@1716 P(1902, 17)
@1717 P(5834, 7)
@1718 P(3287, 17)
@1719 P(9234, 11)
@1720 P(356, 9)
@1721 P(8073, 16)
@1722 P(3634, 14)
@1723 P(6048, 12)
@1724 P(1889, 18)
@1725 P(2323, 9)
@1726 P(1659, 17)
@1727 P(1152, 9)
@1728 P(9437, 5)
@1729 P(1519, 14)
@1730 P(204, 8)
@1731 P(908, 13)
@1732 P(1147, 3)
@1733 P(3743, 4)
@1734 P(4559, 13)
@1735 P(3680, 9)
@1736 P(9035, 7)
@1737 P(9497, 4)
@1738 P(4698, 9)
@1739 P(3126, 19)
@1740 P(6051, 19)
@1741 P(9361, 18)
@1742 P(8032, 5)
@1743 P(6195, 17)
@1744 P(2998, 13)
@1745 P(2821, 5)
@1746 P(9863, 19)
@1747 P(3321, 8)
@1748 P(4916, 6)
@1749 P(2290, 2)
@1750 P(2387, 12)
@1751 P(5979, 13)
@1752 P(363, 13)
@1753 P(5191, 17)
@1754 P(4405, 18)
@1755 P(4383, 0)
@1756 P(1601, 10)
@1757 P(8261, 4)
@1758 P(4307, 13)
@1759 P(927, 12)
@1760 P(6789, 10)
@1761 P(4111, 6)
@1762 P(9470, 14)
@1763 P(107, 15)
@1764 P(9206, 17)
@1765 P(6739, 6)
@1766 P(4419, 3)
@1767 P(8454, 8)
@1768 P(4304, 14)
@1769 P(8060, 2)
@1770 P(1748, 18)
@1771 P(9159, 19)
@1772 P(191, 6)
@1773 P(8049, 10)
@1774 P(7811, 3)
@1775 P(1142, 0)
@1776 P(9230, 1)
@1777 P(5271, 5)
@1778 P(8594, 6)
@1779 P(5125, 4)
@1780 P(8077, 17)
@1781 P(7410, 6)
@1782 P(2079, 2)
@1783 P(4200, 0)
@1784 P(5806, 8)
@1785 P(27, 0)
@1786 P(197, 11)
@1787 P(7, 7)
@1788 P(6582, 19)
@1789 P(1389, 17)
@1790 P(1862, 18)
@1791 P(8020, 12)
@1792 P(9270, 14)
@1793 P(9402, 7)
@1794 P(7340, 16)
@1795 P(9529, 2)
@1796 P(9469, 5)
@1797 P(449, 0)
@1798 P(7354, 18)
@1799 P(2284, 6)
@1800 P(3610, 7)
@1801 P(7504, 1)
@1802 P(2511, 12)
@1803 P(6322, 4)
@1804 P(6988, 13)
@1805 P(7033, 6)
@1806 P(8652, 17)
@1807 P(5842, 19)
@1808 P(5130, 12)
@1809 P(6002, 9)
@1810 P(4729, 11)
@1811 P(2900, 2)
@1812 P(3660, 14)
@1813 P(2295, 13)
@1814 P(3177, 13)
@1815 P(8888, 8)
@1816 P(6109, 9)
@1817 P(9587, 5)
@1818 P(1053, 1)
@1819 P(2481, 0)
@1820 P(7238, 15)
@1821 P(5124, 9)
@1822 P(4533, 2)
@1823 P(5752, 6)
@1824 P(6591, 10)
@1825 P(2278, 6)
@1826 P(6987, 9)
@1827 P(4612, 9)
@1828 P(8248, 6)
@1829 P(3915, 10)
@1830 P(6785, 5)
@1831 P(5710, 17)
@1832 P(3040, 13)
@1833 P(9058, 8)
@1834 P(4635, 12)
@1835 P(1840, 14)
@1836 P(7887, 18)
@1837 P(5453, 8)
@1838 P(2920, 12)
@1839 P(702, 1)
@1840 P(6204, 1)
@1841 P(7705, 10)
@1842 P(8465, 0)
@1843 P(9349, 14)
@1844 P(1253, 16)
@1845 P(5075, 0)
@1846 P(1750, 12)
@1847 P(4722, 5)
@1848 P(7556, 14)
@1849 P(5137, 0)
@1850 P(628, 13)
@1851 P(5923, 9)
@1852 P(8088, 1)
@1853 P(558, 6)
@1854 P(2904, 15)
@1855 P(8554, 12)
@1856 P(4832, 2)
@1857 P(1070, 14)
@1858 P(9405, 5)
@1859 P(355, 18)
@1860 P(8778, 3)
@1861 P(5349, 13)
@1862 P(8714, 5)
@1863 P(3647, 1)
@1864 P(8046, 9)
@1865 P(1752, 11)
@1866 P(7584, 4)
@1867 P(7880, 10)
@1868 P(2824, 11)
@1869 P(2625, 7)
@1870 P(6440, 0)
@1871 P(7902, 12)
@1872 P(9223, 13)
@1873 P(9469, 8)
@1874 P(1091, 3)
@1875 P(777, 13)
@1876 P(3554, 15)
@1877 P(4875, 0)
@1878 P(2273, 2)
@1879 P(753, 1)
@1880 P(687, 14)
@1881 P(3755, 6)
@1882 P(7657, 5)
@1883 P(376, 3)
@1884 P(9672, 16)
@1885 P(7472, 1)
@1886 P(1497, 4)
@1887 P(3607, 11)
@1888 P(4630, 19)
@1889 P(1356, 5)
@1890 P(7379, 4)
@1891 P(7990, 0)
@1892 P(9111, 11)
@1893 P(3376, 12)
@1894 P(9942, 0)
@1895 P(9831, 5)
@1896 P(303, 5)
@1897 P(2789, 15)
@1898 P(5547, 19)
@1899 P(8282, 4)
@1900 P(1115, 19)
@1901 P(5917, 13)
@1902 P(4375, 12)
@1903 P(2286, 8)
@1904 P(2569, 9)
@1905 P(1645, 15)
@1906 P(6563, 11)
@1907 P(488, 17)
@1908 P(5898, 2)
@1909 P(3361, 9)
@1910 P(2719, 15)
@1911 P(5373, 15)
@1912 P(1654, 3)
@1913 P(8520, 10)
@1914 P(2428, 3)
@1915 P(2789, 3)
@1916 P(5212, 15)
@1917 P(5558, 2)
@1918 P(5241, 14)
@1919 P(224, 1)
@1920 P(5537, 19)
@1921 P(9613, 16)
@1922 P(7239, 11)
@1923 P(1754, 4)
@1924 P(2447, 15)
@1925 P(2077, 2)
@1926 P(8415, 12)
@1927 P(5615, 17)
@1928 P(5310, 15)
@1929 P(3098, 11)
@1930 P(5496, 15)
@1931 P(2209, 1)
@1932 P(7391, 12)
@1933 P(937, 12)
@1934 P(5251, 1)
@1935 P(5695, 11)
@1936 P(8108, 11)
@1937 P(4905, 12)
@1938 P(2444, 12)
@1939 P(1081, 5)
@1940 P(1519, 5)
@1941 P(9054, 14)
@1942 P(7349, 12)
@1943 P(5883, 18)
@1944 P(2571, 16)
@1945 P(3356, 19)
@1946 P(2525, 1)
@1947 P(1866, 7)
@1948 P(282, 14)
@1949 P(6322, 8)
@1950 P(7202, 19)
@1951 P(7655, 6)
@1952 P(1756, 2)
@1953 P(1586, 17)
@1954 P(6105, 0)
@1955 P(7940, 16)
@1956 P(3737, 4)
@1957 P(5749, 5)
@1958 P(1402, 18)
@1959 P(2537, 14)
@1960 P(1974, 8)
@1961 P(7188, 4)
@1962 P(3061, 10)
@1963 P(3229, 2)
@1964 P(1014, 5)
@1965 P(5931, 3)
@1966 P(1861, 1)
@1967 P(8534, 8)
@1968 P(404, 10)
@1969 P(2108, 19)
@1970 P(5314, 1)
@1971 P(3088, 10)
@1972 P(6364, 3)
@1973 P(1621, 6)
@1974 P(7898, 13)
@1975 P(4062, 18)
@1976 P(9806, 0)
@1977 P(1542, 13)
@1978 P(9331, 14)
@1979 P(6631, 11)
@1980 P(2524, 18)
@1981 P(676, 14)
@1982 P(8904, 4)
@1983 P(3891, 18)
@1984 P(5416, 6)
@1985 P(5721, 9)
@1986 P(4439, 8)
@1987 P(7001, 6)
@1988 P(2977, 19)
@1989 P(2395, 14)
@1990 P(5271, 16)
@1991 P(1142, 2)
@1992 P(1110, 11)
@1993 P(8979, 5)
@1994 P(570, 18)
@1995 P(1131, 5)
@1996 P(4778, 11)
@1997 P(7630, 12)
@1998 P(6915, 3)
@1999 P(7942, 7)
